2024-08-11 00:13:06,768 INFO o.s.b.StartupInfoLogger [restartedMain] Starting RealEstateApplication using Java 17.0.10 with PID 13300 (C:\Users\sanje\OneDrive\Documents\GitHub\SDP\Backend\Springboot-SDP\target\classes started by Sanjeev Kl in C:\Users\sanje\OneDrive\Documents\GitHub\SDP\Backend\Springboot-SDP)
2024-08-11 00:13:06,768 INFO o.s.b.SpringApplication [restartedMain] No active profile set, falling back to 1 default profile: "default"
2024-08-11 00:13:06,903 INFO o.s.b.l.DeferredLog [restartedMain] Devtools property defaults active! Set 'spring.devtools.add-properties' to 'false' to disable
2024-08-11 00:13:06,903 INFO o.s.b.l.DeferredLog [restartedMain] For additional web related logging consider setting the 'logging.level.web' property to 'DEBUG'
2024-08-11 00:13:08,571 INFO o.s.d.r.c.RepositoryConfigurationDelegate [restartedMain] Bootstrapping Spring Data JPA repositories in DEFAULT mode.
2024-08-11 00:13:08,743 INFO o.s.d.r.c.RepositoryConfigurationDelegate [restartedMain] Finished Spring Data repository scanning in 161 ms. Found 6 JPA repository interfaces.
2024-08-11 00:13:09,957 INFO o.s.b.w.e.t.TomcatWebServer [restartedMain] Tomcat initialized with port 8080 (http)
2024-08-11 00:13:10,003 INFO o.a.j.l.DirectJDKLog [restartedMain] Initializing ProtocolHandler ["http-nio-8080"]
2024-08-11 00:13:10,014 INFO o.a.j.l.DirectJDKLog [restartedMain] Starting service [Tomcat]
2024-08-11 00:13:10,015 INFO o.a.j.l.DirectJDKLog [restartedMain] Starting Servlet engine: [Apache Tomcat/10.1.26]
2024-08-11 00:13:10,160 INFO o.a.j.l.DirectJDKLog [restartedMain] Initializing Spring embedded WebApplicationContext
2024-08-11 00:13:10,160 INFO o.s.b.w.s.c.ServletWebServerApplicationContext [restartedMain] Root WebApplicationContext: initialization completed in 3241 ms
2024-08-11 00:13:10,531 INFO c.z.h.HikariDataSource [restartedMain] HikariPool-1 - Starting...
2024-08-11 00:13:11,242 INFO c.z.h.p.HikariPool [restartedMain] HikariPool-1 - Added connection com.mysql.cj.jdbc.ConnectionImpl@33663d94
2024-08-11 00:13:11,242 INFO c.z.h.HikariDataSource [restartedMain] HikariPool-1 - Start completed.
2024-08-11 00:13:11,345 INFO o.h.j.i.u.LogHelper [restartedMain] HHH000204: Processing PersistenceUnitInfo [name: default]
2024-08-11 00:13:11,515 INFO o.h.Version [restartedMain] HHH000412: Hibernate ORM core version 6.5.2.Final
2024-08-11 00:13:11,660 INFO o.h.c.i.RegionFactoryInitiator [restartedMain] HHH000026: Second-level cache disabled
2024-08-11 00:13:12,325 INFO o.s.o.j.p.SpringPersistenceUnitInfo [restartedMain] No LoadTimeWeaver setup: ignoring JPA class transformer
2024-08-11 00:13:12,435 WARN o.h.e.j.d.i.DialectFactoryImpl [restartedMain] HHH90000025: MySQLDialect does not need to be specified explicitly using 'hibernate.dialect' (remove the property setting and it will be selected by default)
2024-08-11 00:13:13,701 INFO o.h.e.t.j.p.i.JtaPlatformInitiator [restartedMain] HHH000489: No JTA platform available (set 'hibernate.transaction.jta.platform' to enable JTA platform integration)
2024-08-11 00:13:13,827 INFO o.s.o.j.AbstractEntityManagerFactoryBean [restartedMain] Initialized JPA EntityManagerFactory for persistence unit 'default'
2024-08-11 00:13:14,442 WARN o.s.c.s.AbstractApplicationContext [restartedMain] Exception encountered during context initialization - cancelling refresh attempt: org.springframework.beans.factory.UnsatisfiedDependencyException: Error creating bean with name 'adminController' defined in file [C:\Users\sanje\OneDrive\Documents\GitHub\SDP\Backend\Springboot-SDP\target\classes\com\example\realestate\controller\AdminController.class]: Unsatisfied dependency expressed through constructor parameter 0: No qualifying bean of type 'com.example.realestate.service.AuthService' available: expected single matching bean but found 2: authServiceImpl,userServiceImpl
2024-08-11 00:13:14,442 INFO o.s.o.j.AbstractEntityManagerFactoryBean [restartedMain] Closing JPA EntityManagerFactory for persistence unit 'default'
2024-08-11 00:13:14,473 INFO c.z.h.HikariDataSource [restartedMain] HikariPool-1 - Shutdown initiated...
2024-08-11 00:13:14,511 INFO c.z.h.HikariDataSource [restartedMain] HikariPool-1 - Shutdown completed.
2024-08-11 00:13:14,512 INFO o.a.j.l.DirectJDKLog [restartedMain] Stopping service [Tomcat]
2024-08-11 00:13:14,546 INFO o.s.b.a.l.ConditionEvaluationReportLogger [restartedMain] 

Error starting ApplicationContext. To display the condition evaluation report re-run your application with 'debug' enabled.
2024-08-11 00:13:14,594 ERROR o.s.b.d.LoggingFailureAnalysisReporter [restartedMain] 

***************************
APPLICATION FAILED TO START
***************************

Description:

Parameter 0 of constructor in com.example.realestate.controller.AdminController required a single bean, but 2 were found:
	- authServiceImpl: defined in file [C:\Users\sanje\OneDrive\Documents\GitHub\SDP\Backend\Springboot-SDP\target\classes\com\example\realestate\service\impl\AuthServiceImpl.class]
	- userServiceImpl: defined in file [C:\Users\sanje\OneDrive\Documents\GitHub\SDP\Backend\Springboot-SDP\target\classes\com\example\realestate\service\impl\UserServiceImpl.class]

This may be due to missing parameter name information

Action:

Consider marking one of the beans as @Primary, updating the consumer to accept multiple beans, or using @Qualifier to identify the bean that should be consumed

Ensure that your compiler is configured to use the '-parameters' flag.
You may need to update both your build tool settings as well as your IDE.
(See https://github.com/spring-projects/spring-framework/wiki/Upgrading-to-Spring-Framework-6.x#parameter-name-retention)


2024-08-11 00:16:42,191 INFO o.s.b.StartupInfoLogger [restartedMain] Starting RealEstateApplication using Java 17.0.10 with PID 27472 (C:\Users\sanje\OneDrive\Documents\GitHub\SDP\Backend\Springboot-SDP\target\classes started by Sanjeev Kl in C:\Users\sanje\OneDrive\Documents\GitHub\SDP\Backend\Springboot-SDP)
2024-08-11 00:16:42,202 INFO o.s.b.SpringApplication [restartedMain] No active profile set, falling back to 1 default profile: "default"
2024-08-11 00:16:42,352 INFO o.s.b.l.DeferredLog [restartedMain] Devtools property defaults active! Set 'spring.devtools.add-properties' to 'false' to disable
2024-08-11 00:16:42,359 INFO o.s.b.l.DeferredLog [restartedMain] For additional web related logging consider setting the 'logging.level.web' property to 'DEBUG'
2024-08-11 00:16:44,271 INFO o.s.d.r.c.RepositoryConfigurationDelegate [restartedMain] Bootstrapping Spring Data JPA repositories in DEFAULT mode.
2024-08-11 00:16:44,576 INFO o.s.d.r.c.RepositoryConfigurationDelegate [restartedMain] Finished Spring Data repository scanning in 282 ms. Found 6 JPA repository interfaces.
2024-08-11 00:16:46,985 INFO o.s.b.w.e.t.TomcatWebServer [restartedMain] Tomcat initialized with port 8080 (http)
2024-08-11 00:16:47,018 INFO o.a.j.l.DirectJDKLog [restartedMain] Initializing ProtocolHandler ["http-nio-8080"]
2024-08-11 00:16:47,036 INFO o.a.j.l.DirectJDKLog [restartedMain] Starting service [Tomcat]
2024-08-11 00:16:47,052 INFO o.a.j.l.DirectJDKLog [restartedMain] Starting Servlet engine: [Apache Tomcat/10.1.26]
2024-08-11 00:16:47,239 INFO o.a.j.l.DirectJDKLog [restartedMain] Initializing Spring embedded WebApplicationContext
2024-08-11 00:16:47,252 INFO o.s.b.w.s.c.ServletWebServerApplicationContext [restartedMain] Root WebApplicationContext: initialization completed in 4885 ms
2024-08-11 00:16:47,637 INFO c.z.h.HikariDataSource [restartedMain] HikariPool-1 - Starting...
2024-08-11 00:16:48,471 INFO c.z.h.p.HikariPool [restartedMain] HikariPool-1 - Added connection com.mysql.cj.jdbc.ConnectionImpl@52794cc7
2024-08-11 00:16:48,476 INFO c.z.h.HikariDataSource [restartedMain] HikariPool-1 - Start completed.
2024-08-11 00:16:48,563 INFO o.h.j.i.u.LogHelper [restartedMain] HHH000204: Processing PersistenceUnitInfo [name: default]
2024-08-11 00:16:48,775 INFO o.h.Version [restartedMain] HHH000412: Hibernate ORM core version 6.5.2.Final
2024-08-11 00:16:48,895 INFO o.h.c.i.RegionFactoryInitiator [restartedMain] HHH000026: Second-level cache disabled
2024-08-11 00:16:49,646 INFO o.s.o.j.p.SpringPersistenceUnitInfo [restartedMain] No LoadTimeWeaver setup: ignoring JPA class transformer
2024-08-11 00:16:49,753 WARN o.h.e.j.d.i.DialectFactoryImpl [restartedMain] HHH90000025: MySQLDialect does not need to be specified explicitly using 'hibernate.dialect' (remove the property setting and it will be selected by default)
2024-08-11 00:16:51,303 INFO o.h.e.t.j.p.i.JtaPlatformInitiator [restartedMain] HHH000489: No JTA platform available (set 'hibernate.transaction.jta.platform' to enable JTA platform integration)
2024-08-11 00:16:51,415 INFO o.s.o.j.AbstractEntityManagerFactoryBean [restartedMain] Initialized JPA EntityManagerFactory for persistence unit 'default'
2024-08-11 00:16:52,166 INFO o.s.s.c.a.a.c.InitializeUserDetailsBeanManagerConfigurer$InitializeUserDetailsManagerConfigurer [restartedMain] Global AuthenticationManager configured with UserDetailsService bean with name userDetailsService
2024-08-11 00:16:52,687 WARN o.s.b.a.o.j.JpaBaseConfiguration$JpaWebConfiguration [restartedMain] spring.jpa.open-in-view is enabled by default. Therefore, database queries may be performed during view rendering. Explicitly configure spring.jpa.open-in-view to disable this warning
2024-08-11 00:16:53,331 DEBUG o.s.s.w.DefaultSecurityFilterChain [restartedMain] Will secure any request with filters: DisableEncodeUrlFilter, WebAsyncManagerIntegrationFilter, SecurityContextHolderFilter, HeaderWriterFilter, CorsFilter, LogoutFilter, JwtAuthenticationFilter, RequestCacheAwareFilter, SecurityContextHolderAwareRequestFilter, AnonymousAuthenticationFilter, SessionManagementFilter, ExceptionTranslationFilter, AuthorizationFilter
2024-08-11 00:16:54,035 INFO o.s.b.d.a.OptionalLiveReloadServer [restartedMain] LiveReload server is running on port 35729
2024-08-11 00:16:54,082 INFO o.a.j.l.DirectJDKLog [restartedMain] Starting ProtocolHandler ["http-nio-8080"]
2024-08-11 00:16:54,142 INFO o.s.b.w.e.t.TomcatWebServer [restartedMain] Tomcat started on port 8080 (http) with context path '/'
2024-08-11 00:16:54,164 INFO o.s.b.StartupInfoLogger [restartedMain] Started RealEstateApplication in 12.856 seconds (process running for 14.093)
2024-08-11 00:17:48,661 INFO o.a.j.l.DirectJDKLog [http-nio-8080-exec-1] Initializing Spring DispatcherServlet 'dispatcherServlet'
2024-08-11 00:17:48,661 INFO o.s.w.s.FrameworkServlet [http-nio-8080-exec-1] Initializing Servlet 'dispatcherServlet'
2024-08-11 00:17:48,676 INFO o.s.w.s.FrameworkServlet [http-nio-8080-exec-1] Completed initialization in 15 ms
2024-08-11 00:17:48,755 DEBUG o.s.s.w.FilterChainProxy [http-nio-8080-exec-1] Securing OPTIONS /api/auth/login
2024-08-11 00:17:48,833 DEBUG o.s.s.w.FilterChainProxy [http-nio-8080-exec-2] Securing POST /api/auth/login
2024-08-11 00:17:48,848 DEBUG o.s.s.w.a.AnonymousAuthenticationFilter [http-nio-8080-exec-2] Set SecurityContextHolder to anonymous SecurityContext
2024-08-11 00:17:48,864 DEBUG o.s.s.w.FilterChainProxy [http-nio-8080-exec-2] Secured POST /api/auth/login
2024-08-11 00:17:49,536 DEBUG o.s.s.a.d.AbstractUserDetailsAuthenticationProvider [http-nio-8080-exec-2] Failed to find user 'admin@gmail.com'
2024-08-11 00:17:49,536 DEBUG o.s.s.w.a.Http403ForbiddenEntryPoint [http-nio-8080-exec-2] Pre-authenticated entry point called. Rejecting access
2024-08-11 00:17:49,567 DEBUG o.s.s.w.FilterChainProxy [http-nio-8080-exec-2] Securing POST /error
2024-08-11 00:17:49,567 DEBUG o.s.s.w.a.AnonymousAuthenticationFilter [http-nio-8080-exec-2] Set SecurityContextHolder to anonymous SecurityContext
2024-08-11 00:17:49,567 DEBUG o.s.s.w.a.Http403ForbiddenEntryPoint [http-nio-8080-exec-2] Pre-authenticated entry point called. Rejecting access
2024-08-11 00:28:31,571 INFO o.s.b.StartupInfoLogger [restartedMain] Starting RealEstateApplication using Java 17.0.10 with PID 1032 (C:\Users\sanje\OneDrive\Documents\GitHub\SDP\Backend\Springboot-SDP\target\classes started by Sanjeev Kl in C:\Users\sanje\OneDrive\Documents\GitHub\SDP\Backend\Springboot-SDP)
2024-08-11 00:28:31,587 INFO o.s.b.SpringApplication [restartedMain] No active profile set, falling back to 1 default profile: "default"
2024-08-11 00:28:31,722 INFO o.s.b.l.DeferredLog [restartedMain] Devtools property defaults active! Set 'spring.devtools.add-properties' to 'false' to disable
2024-08-11 00:28:31,738 INFO o.s.b.l.DeferredLog [restartedMain] For additional web related logging consider setting the 'logging.level.web' property to 'DEBUG'
2024-08-11 00:28:34,081 INFO o.s.d.r.c.RepositoryConfigurationDelegate [restartedMain] Bootstrapping Spring Data JPA repositories in DEFAULT mode.
2024-08-11 00:28:34,288 INFO o.s.d.r.c.RepositoryConfigurationDelegate [restartedMain] Finished Spring Data repository scanning in 184 ms. Found 6 JPA repository interfaces.
2024-08-11 00:28:35,774 INFO o.s.b.w.e.t.TomcatWebServer [restartedMain] Tomcat initialized with port 8080 (http)
2024-08-11 00:28:35,790 INFO o.a.j.l.DirectJDKLog [restartedMain] Initializing ProtocolHandler ["http-nio-8080"]
2024-08-11 00:28:35,821 INFO o.a.j.l.DirectJDKLog [restartedMain] Starting service [Tomcat]
2024-08-11 00:28:35,826 INFO o.a.j.l.DirectJDKLog [restartedMain] Starting Servlet engine: [Apache Tomcat/10.1.26]
2024-08-11 00:28:35,977 INFO o.a.j.l.DirectJDKLog [restartedMain] Initializing Spring embedded WebApplicationContext
2024-08-11 00:28:35,977 INFO o.s.b.w.s.c.ServletWebServerApplicationContext [restartedMain] Root WebApplicationContext: initialization completed in 4221 ms
2024-08-11 00:28:36,242 INFO c.z.h.HikariDataSource [restartedMain] HikariPool-1 - Starting...
2024-08-11 00:28:37,096 INFO c.z.h.p.HikariPool [restartedMain] HikariPool-1 - Added connection com.mysql.cj.jdbc.ConnectionImpl@72f67e2b
2024-08-11 00:28:37,116 INFO c.z.h.HikariDataSource [restartedMain] HikariPool-1 - Start completed.
2024-08-11 00:28:37,217 INFO o.h.j.i.u.LogHelper [restartedMain] HHH000204: Processing PersistenceUnitInfo [name: default]
2024-08-11 00:28:37,468 INFO o.h.Version [restartedMain] HHH000412: Hibernate ORM core version 6.5.2.Final
2024-08-11 00:28:37,632 INFO o.h.c.i.RegionFactoryInitiator [restartedMain] HHH000026: Second-level cache disabled
2024-08-11 00:28:38,677 INFO o.s.o.j.p.SpringPersistenceUnitInfo [restartedMain] No LoadTimeWeaver setup: ignoring JPA class transformer
2024-08-11 00:28:38,810 WARN o.h.e.j.d.i.DialectFactoryImpl [restartedMain] HHH90000025: MySQLDialect does not need to be specified explicitly using 'hibernate.dialect' (remove the property setting and it will be selected by default)
2024-08-11 00:28:40,320 INFO o.h.e.t.j.p.i.JtaPlatformInitiator [restartedMain] HHH000489: No JTA platform available (set 'hibernate.transaction.jta.platform' to enable JTA platform integration)
2024-08-11 00:28:40,489 INFO o.s.o.j.AbstractEntityManagerFactoryBean [restartedMain] Initialized JPA EntityManagerFactory for persistence unit 'default'
2024-08-11 00:28:41,310 INFO o.s.s.c.a.a.c.InitializeUserDetailsBeanManagerConfigurer$InitializeUserDetailsManagerConfigurer [restartedMain] Global AuthenticationManager configured with UserDetailsService bean with name userDetailsService
2024-08-11 00:28:41,822 WARN o.s.b.a.o.j.JpaBaseConfiguration$JpaWebConfiguration [restartedMain] spring.jpa.open-in-view is enabled by default. Therefore, database queries may be performed during view rendering. Explicitly configure spring.jpa.open-in-view to disable this warning
2024-08-11 00:28:42,858 DEBUG o.s.s.w.DefaultSecurityFilterChain [restartedMain] Will secure any request with filters: DisableEncodeUrlFilter, WebAsyncManagerIntegrationFilter, SecurityContextHolderFilter, HeaderWriterFilter, CorsFilter, LogoutFilter, JwtAuthenticationFilter, RequestCacheAwareFilter, SecurityContextHolderAwareRequestFilter, AnonymousAuthenticationFilter, SessionManagementFilter, ExceptionTranslationFilter, AuthorizationFilter
2024-08-11 00:28:43,805 INFO o.s.b.d.a.OptionalLiveReloadServer [restartedMain] LiveReload server is running on port 35729
2024-08-11 00:28:43,877 INFO o.a.j.l.DirectJDKLog [restartedMain] Starting ProtocolHandler ["http-nio-8080"]
2024-08-11 00:28:43,952 INFO o.s.b.w.e.t.TomcatWebServer [restartedMain] Tomcat started on port 8080 (http) with context path '/'
2024-08-11 00:28:43,975 INFO o.s.b.StartupInfoLogger [restartedMain] Started RealEstateApplication in 13.308 seconds (process running for 14.456)
2024-08-11 00:29:14,478 INFO o.a.j.l.DirectJDKLog [http-nio-8080-exec-2] Initializing Spring DispatcherServlet 'dispatcherServlet'
2024-08-11 00:29:14,478 INFO o.s.w.s.FrameworkServlet [http-nio-8080-exec-2] Initializing Servlet 'dispatcherServlet'
2024-08-11 00:29:14,488 INFO o.s.w.s.FrameworkServlet [http-nio-8080-exec-2] Completed initialization in 10 ms
2024-08-11 00:29:14,566 DEBUG o.s.s.w.FilterChainProxy [http-nio-8080-exec-2] Securing OPTIONS /api/auth/login
2024-08-11 00:29:14,628 DEBUG o.s.s.w.FilterChainProxy [http-nio-8080-exec-3] Securing POST /api/auth/login
2024-08-11 00:29:14,637 DEBUG o.s.s.w.a.AnonymousAuthenticationFilter [http-nio-8080-exec-3] Set SecurityContextHolder to anonymous SecurityContext
2024-08-11 00:29:14,645 DEBUG o.s.s.w.FilterChainProxy [http-nio-8080-exec-3] Secured POST /api/auth/login
2024-08-11 00:29:15,277 DEBUG o.s.s.a.d.AbstractUserDetailsAuthenticationProvider [http-nio-8080-exec-3] Failed to find user 'admin@gmail.com'
2024-08-11 00:29:15,292 DEBUG o.s.s.w.a.Http403ForbiddenEntryPoint [http-nio-8080-exec-3] Pre-authenticated entry point called. Rejecting access
2024-08-11 00:29:15,310 DEBUG o.s.s.w.FilterChainProxy [http-nio-8080-exec-3] Securing POST /error
2024-08-11 00:29:15,310 DEBUG o.s.s.w.a.AnonymousAuthenticationFilter [http-nio-8080-exec-3] Set SecurityContextHolder to anonymous SecurityContext
2024-08-11 00:29:15,310 DEBUG o.s.s.w.a.Http403ForbiddenEntryPoint [http-nio-8080-exec-3] Pre-authenticated entry point called. Rejecting access
2024-08-11 00:41:07,071 DEBUG o.s.s.w.FilterChainProxy [http-nio-8080-exec-6] Securing GET /swagger-ui/index.html
2024-08-11 00:41:07,071 DEBUG o.s.s.w.a.AnonymousAuthenticationFilter [http-nio-8080-exec-6] Set SecurityContextHolder to anonymous SecurityContext
2024-08-11 00:41:07,087 DEBUG o.s.s.w.FilterChainProxy [http-nio-8080-exec-6] Secured GET /swagger-ui/index.html
2024-08-11 00:41:07,228 DEBUG o.s.s.w.FilterChainProxy [http-nio-8080-exec-7] Securing GET /swagger-ui/swagger-ui.css
2024-08-11 00:41:07,228 DEBUG o.s.s.w.a.AnonymousAuthenticationFilter [http-nio-8080-exec-7] Set SecurityContextHolder to anonymous SecurityContext
2024-08-11 00:41:07,228 DEBUG o.s.s.w.FilterChainProxy [http-nio-8080-exec-7] Secured GET /swagger-ui/swagger-ui.css
2024-08-11 00:41:07,241 DEBUG o.s.s.w.FilterChainProxy [http-nio-8080-exec-9] Securing GET /swagger-ui/index.css
2024-08-11 00:41:07,241 DEBUG o.s.s.w.FilterChainProxy [http-nio-8080-exec-8] Securing GET /swagger-ui/swagger-ui-bundle.js
2024-08-11 00:41:07,256 DEBUG o.s.s.w.FilterChainProxy [http-nio-8080-exec-1] Securing GET /swagger-ui/swagger-ui-standalone-preset.js
2024-08-11 00:41:07,256 DEBUG o.s.s.w.FilterChainProxy [http-nio-8080-exec-10] Securing GET /swagger-ui/swagger-initializer.js
2024-08-11 00:41:07,256 DEBUG o.s.s.w.a.AnonymousAuthenticationFilter [http-nio-8080-exec-9] Set SecurityContextHolder to anonymous SecurityContext
2024-08-11 00:41:07,256 DEBUG o.s.s.w.a.AnonymousAuthenticationFilter [http-nio-8080-exec-8] Set SecurityContextHolder to anonymous SecurityContext
2024-08-11 00:41:07,256 DEBUG o.s.s.w.a.AnonymousAuthenticationFilter [http-nio-8080-exec-10] Set SecurityContextHolder to anonymous SecurityContext
2024-08-11 00:41:07,256 DEBUG o.s.s.w.FilterChainProxy [http-nio-8080-exec-9] Secured GET /swagger-ui/index.css
2024-08-11 00:41:07,256 DEBUG o.s.s.w.FilterChainProxy [http-nio-8080-exec-8] Secured GET /swagger-ui/swagger-ui-bundle.js
2024-08-11 00:41:07,256 DEBUG o.s.s.w.FilterChainProxy [http-nio-8080-exec-10] Secured GET /swagger-ui/swagger-initializer.js
2024-08-11 00:41:07,272 DEBUG o.s.s.w.a.AnonymousAuthenticationFilter [http-nio-8080-exec-1] Set SecurityContextHolder to anonymous SecurityContext
2024-08-11 00:41:07,302 DEBUG o.s.s.w.FilterChainProxy [http-nio-8080-exec-1] Secured GET /swagger-ui/swagger-ui-standalone-preset.js
2024-08-11 00:41:07,717 DEBUG o.s.s.w.FilterChainProxy [http-nio-8080-exec-5] Securing GET /v3/api-docs/swagger-config
2024-08-11 00:41:07,717 DEBUG o.s.s.w.a.AnonymousAuthenticationFilter [http-nio-8080-exec-5] Set SecurityContextHolder to anonymous SecurityContext
2024-08-11 00:41:07,717 DEBUG o.s.s.w.FilterChainProxy [http-nio-8080-exec-5] Secured GET /v3/api-docs/swagger-config
2024-08-11 00:41:07,815 DEBUG o.s.s.w.FilterChainProxy [http-nio-8080-exec-2] Securing GET /v3/api-docs
2024-08-11 00:41:07,815 DEBUG o.s.s.w.a.AnonymousAuthenticationFilter [http-nio-8080-exec-2] Set SecurityContextHolder to anonymous SecurityContext
2024-08-11 00:41:07,815 DEBUG o.s.s.w.FilterChainProxy [http-nio-8080-exec-2] Secured GET /v3/api-docs
2024-08-11 00:41:08,970 INFO o.s.a.AbstractOpenApiResource [http-nio-8080-exec-2] Init duration for springdoc-openapi is: 1090 ms
2024-08-11 00:41:09,112 DEBUG o.s.s.w.FilterChainProxy [http-nio-8080-exec-3] Securing GET /swagger-ui/index.html
2024-08-11 00:41:09,112 DEBUG o.s.s.w.a.AnonymousAuthenticationFilter [http-nio-8080-exec-3] Set SecurityContextHolder to anonymous SecurityContext
2024-08-11 00:41:09,112 DEBUG o.s.s.w.FilterChainProxy [http-nio-8080-exec-3] Secured GET /swagger-ui/index.html
2024-08-11 00:41:09,211 DEBUG o.s.s.w.FilterChainProxy [http-nio-8080-exec-6] Securing GET /swagger-ui/index.css
2024-08-11 00:41:09,211 DEBUG o.s.s.w.FilterChainProxy [http-nio-8080-exec-4] Securing GET /swagger-ui/swagger-ui.css
2024-08-11 00:41:09,211 DEBUG o.s.s.w.FilterChainProxy [http-nio-8080-exec-9] Securing GET /swagger-ui/swagger-ui-standalone-preset.js
2024-08-11 00:41:09,211 DEBUG o.s.s.w.FilterChainProxy [http-nio-8080-exec-7] Securing GET /swagger-ui/swagger-ui-bundle.js
2024-08-11 00:41:09,222 DEBUG o.s.s.w.FilterChainProxy [http-nio-8080-exec-1] Securing GET /swagger-ui/swagger-initializer.js
2024-08-11 00:41:09,222 DEBUG o.s.s.w.a.AnonymousAuthenticationFilter [http-nio-8080-exec-6] Set SecurityContextHolder to anonymous SecurityContext
2024-08-11 00:41:09,238 DEBUG o.s.s.w.a.AnonymousAuthenticationFilter [http-nio-8080-exec-4] Set SecurityContextHolder to anonymous SecurityContext
2024-08-11 00:41:09,238 DEBUG o.s.s.w.a.AnonymousAuthenticationFilter [http-nio-8080-exec-9] Set SecurityContextHolder to anonymous SecurityContext
2024-08-11 00:41:09,238 DEBUG o.s.s.w.a.AnonymousAuthenticationFilter [http-nio-8080-exec-7] Set SecurityContextHolder to anonymous SecurityContext
2024-08-11 00:41:09,238 DEBUG o.s.s.w.a.AnonymousAuthenticationFilter [http-nio-8080-exec-1] Set SecurityContextHolder to anonymous SecurityContext
2024-08-11 00:41:09,238 DEBUG o.s.s.w.FilterChainProxy [http-nio-8080-exec-1] Secured GET /swagger-ui/swagger-initializer.js
2024-08-11 00:41:09,254 DEBUG o.s.s.w.FilterChainProxy [http-nio-8080-exec-6] Secured GET /swagger-ui/index.css
2024-08-11 00:41:09,285 DEBUG o.s.s.w.FilterChainProxy [http-nio-8080-exec-9] Secured GET /swagger-ui/swagger-ui-standalone-preset.js
2024-08-11 00:41:09,285 DEBUG o.s.s.w.FilterChainProxy [http-nio-8080-exec-7] Secured GET /swagger-ui/swagger-ui-bundle.js
2024-08-11 00:41:09,285 DEBUG o.s.s.w.FilterChainProxy [http-nio-8080-exec-4] Secured GET /swagger-ui/swagger-ui.css
2024-08-11 00:41:09,586 DEBUG o.s.s.w.FilterChainProxy [http-nio-8080-exec-10] Securing GET /v3/api-docs/swagger-config
2024-08-11 00:41:09,590 DEBUG o.s.s.w.a.AnonymousAuthenticationFilter [http-nio-8080-exec-10] Set SecurityContextHolder to anonymous SecurityContext
2024-08-11 00:41:09,590 DEBUG o.s.s.w.FilterChainProxy [http-nio-8080-exec-8] Securing GET /swagger-ui/favicon-32x32.png
2024-08-11 00:41:09,594 DEBUG o.s.s.w.a.AnonymousAuthenticationFilter [http-nio-8080-exec-8] Set SecurityContextHolder to anonymous SecurityContext
2024-08-11 00:41:09,594 DEBUG o.s.s.w.FilterChainProxy [http-nio-8080-exec-10] Secured GET /v3/api-docs/swagger-config
2024-08-11 00:41:09,594 DEBUG o.s.s.w.FilterChainProxy [http-nio-8080-exec-8] Secured GET /swagger-ui/favicon-32x32.png
2024-08-11 00:41:09,648 DEBUG o.s.s.w.FilterChainProxy [http-nio-8080-exec-5] Securing GET /v3/api-docs
2024-08-11 00:41:09,648 DEBUG o.s.s.w.a.AnonymousAuthenticationFilter [http-nio-8080-exec-5] Set SecurityContextHolder to anonymous SecurityContext
2024-08-11 00:41:09,648 DEBUG o.s.s.w.FilterChainProxy [http-nio-8080-exec-5] Secured GET /v3/api-docs
2024-08-11 00:41:09,656 DEBUG o.s.s.w.FilterChainProxy [http-nio-8080-exec-2] Securing GET /swagger-ui/favicon-32x32.png
2024-08-11 00:41:09,656 DEBUG o.s.s.w.a.AnonymousAuthenticationFilter [http-nio-8080-exec-2] Set SecurityContextHolder to anonymous SecurityContext
2024-08-11 00:41:09,656 DEBUG o.s.s.w.FilterChainProxy [http-nio-8080-exec-2] Secured GET /swagger-ui/favicon-32x32.png
2024-08-11 00:42:44,626 DEBUG o.s.s.w.FilterChainProxy [http-nio-8080-exec-7] Securing POST /api/auth/register
2024-08-11 00:42:44,628 DEBUG o.s.s.w.a.AnonymousAuthenticationFilter [http-nio-8080-exec-7] Set SecurityContextHolder to anonymous SecurityContext
2024-08-11 00:42:44,631 DEBUG o.s.s.w.FilterChainProxy [http-nio-8080-exec-7] Secured POST /api/auth/register
2024-08-11 00:52:25,549 DEBUG o.s.s.w.FilterChainProxy [http-nio-8080-exec-8] Securing OPTIONS /api/auth/login
2024-08-11 00:52:25,557 DEBUG o.s.s.w.FilterChainProxy [http-nio-8080-exec-8] Securing POST /api/auth/login
2024-08-11 00:52:25,596 DEBUG o.s.s.w.a.AnonymousAuthenticationFilter [http-nio-8080-exec-8] Set SecurityContextHolder to anonymous SecurityContext
2024-08-11 00:52:25,596 DEBUG o.s.s.w.FilterChainProxy [http-nio-8080-exec-8] Secured POST /api/auth/login
2024-08-11 00:52:25,837 DEBUG o.s.s.a.d.AbstractUserDetailsAuthenticationProvider [http-nio-8080-exec-8] Authenticated user
2024-08-11 00:52:29,117 DEBUG o.s.s.w.FilterChainProxy [http-nio-8080-exec-2] Securing OPTIONS /api/users/email/null
2024-08-11 00:52:29,125 DEBUG o.s.s.w.FilterChainProxy [http-nio-8080-exec-6] Securing OPTIONS /api/users/email/null
2024-08-11 00:52:29,138 DEBUG o.s.s.w.FilterChainProxy [http-nio-8080-exec-3] Securing GET /api/users/email/null
2024-08-11 00:52:29,306 DEBUG o.s.s.w.FilterChainProxy [http-nio-8080-exec-3] Secured GET /api/users/email/null
2024-08-11 00:52:29,307 DEBUG o.s.s.w.FilterChainProxy [http-nio-8080-exec-3] Securing GET /error
2024-08-11 00:52:29,307 DEBUG o.s.s.w.a.AnonymousAuthenticationFilter [http-nio-8080-exec-3] Set SecurityContextHolder to anonymous SecurityContext
2024-08-11 00:52:29,323 DEBUG o.s.s.w.a.Http403ForbiddenEntryPoint [http-nio-8080-exec-3] Pre-authenticated entry point called. Rejecting access
2024-08-11 00:52:29,328 DEBUG o.s.s.w.FilterChainProxy [http-nio-8080-exec-4] Securing GET /api/users/email/null
2024-08-11 00:52:29,370 DEBUG o.s.s.w.FilterChainProxy [http-nio-8080-exec-4] Secured GET /api/users/email/null
2024-08-11 00:52:29,374 DEBUG o.s.s.w.FilterChainProxy [http-nio-8080-exec-4] Securing GET /error
2024-08-11 00:52:29,374 DEBUG o.s.s.w.a.AnonymousAuthenticationFilter [http-nio-8080-exec-4] Set SecurityContextHolder to anonymous SecurityContext
2024-08-11 00:52:29,374 DEBUG o.s.s.w.a.Http403ForbiddenEntryPoint [http-nio-8080-exec-4] Pre-authenticated entry point called. Rejecting access
